<?xml version="1.0" encoding="UTF-8"?>
<!-- Generated by org.testng.reporters.JUnitReportReporter -->
<testsuite hostname="Meenu" failures="0" tests="16" name="runner.Runner_Signin" time="206.819" errors="0" timestamp="2023-12-10T11:05:23 CST" skipped="0">
  <testcase classname="runner.Runner_Signin" name="runScenario" time="12.643"/>
  <testcase classname="runner.Runner_Signin" name="runScenario" time="10.691"/>
  <testcase classname="runner.Runner_Signin" name="runScenario" time="12.434"/>
  <testcase classname="runner.Runner_Signin" name="runScenario" time="12.090"/>
  <testcase classname="runner.Runner_Signin" name="runScenario" time="15.546"/>
  <testcase classname="runner.Runner_Signin" name="runScenario" time="14.111"/>
  <testcase classname="runner.Runner_Signin" name="runScenario" time="13.267"/>
  <testcase classname="runner.Runner_Signin" name="runScenario" time="15.277"/>
  <testcase classname="runner.Runner_Signin" name="runScenario" time="12.368"/>
  <testcase classname="runner.Runner_Signin" name="runScenario" time="13.895"/>
  <testcase classname="runner.Runner_Signin" name="runScenario" time="13.372"/>
  <testcase classname="runner.Runner_Signin" name="runScenario" time="11.174"/>
  <testcase classname="runner.Runner_Signin" name="runScenario" time="10.707"/>
  <testcase classname="runner.Runner_Signin" name="runScenario" time="13.558"/>
  <testcase classname="runner.Runner_Signin" name="runScenario" time="13.685"/>
  <testcase classname="runner.Runner_Signin" name="runScenario" time="12.001"/>
</testsuite> <!-- runner.Runner_Signin -->
