<?xml version="1.0" encoding="UTF-8"?>
<!-- Generated by org.testng.reporters.JUnitReportReporter -->
<testsuite hostname="Meenu" failures="0" tests="16" name="runner.Runner_Meenu" time="102.590" errors="0" timestamp="2023-12-10T14:43:37 CST" skipped="0">
  <testcase classname="runner.Runner_Meenu" name="runScenario" time="6.827"/>
  <testcase classname="runner.Runner_Meenu" name="runScenario" time="6.632"/>
  <testcase classname="runner.Runner_Meenu" name="runScenario" time="7.485"/>
  <testcase classname="runner.Runner_Meenu" name="runScenario" time="6.965"/>
  <testcase classname="runner.Runner_Meenu" name="runScenario" time="6.484"/>
  <testcase classname="runner.Runner_Meenu" name="runScenario" time="6.623"/>
  <testcase classname="runner.Runner_Meenu" name="runScenario" time="5.192"/>
  <testcase classname="runner.Runner_Meenu" name="runScenario" time="7.128"/>
  <testcase classname="runner.Runner_Meenu" name="runScenario" time="6.594"/>
  <testcase classname="runner.Runner_Meenu" name="runScenario" time="4.778"/>
  <testcase classname="runner.Runner_Meenu" name="runScenario" time="7.371"/>
  <testcase classname="runner.Runner_Meenu" name="runScenario" time="7.165"/>
  <testcase classname="runner.Runner_Meenu" name="runScenario" time="7.040"/>
  <testcase classname="runner.Runner_Meenu" name="runScenario" time="4.785"/>
  <testcase classname="runner.Runner_Meenu" name="runScenario" time="6.732"/>
  <testcase classname="runner.Runner_Meenu" name="runScenario" time="4.789"/>
</testsuite> <!-- runner.Runner_Meenu -->
