<?xml version="1.0" encoding="UTF-8"?>
<!-- Generated by org.testng.reporters.JUnitReportReporter -->
<testsuite hostname="Meenu" failures="0" tests="4" name="runner.Runner_Meenu" time="13.727" errors="0" timestamp="2023-12-10T12:08:26 CST" skipped="0">
  <testcase classname="runner.Runner_Meenu" name="runScenario" time="3.177"/>
  <testcase classname="runner.Runner_Meenu" name="runScenario" time="2.605"/>
  <testcase classname="runner.Runner_Meenu" name="runScenario" time="5.115"/>
  <testcase classname="runner.Runner_Meenu" name="runScenario" time="2.830"/>
</testsuite> <!-- runner.Runner_Meenu -->
