<?xml version="1.0" encoding="UTF-8"?>
<!-- Generated by org.testng.reporters.JUnitReportReporter -->
<testsuite hostname="Meenu" failures="0" tests="16" name="runner.Runner_Meenu" time="86.355" errors="0" timestamp="2023-12-10T13:38:31 CST" skipped="0">
  <testcase classname="runner.Runner_Meenu" name="runScenario" time="4.947"/>
  <testcase classname="runner.Runner_Meenu" name="runScenario" time="6.723"/>
  <testcase classname="runner.Runner_Meenu" name="runScenario" time="5.048"/>
  <testcase classname="runner.Runner_Meenu" name="runScenario" time="6.084"/>
  <testcase classname="runner.Runner_Meenu" name="runScenario" time="6.090"/>
  <testcase classname="runner.Runner_Meenu" name="runScenario" time="10.643"/>
  <testcase classname="runner.Runner_Meenu" name="runScenario" time="5.088"/>
  <testcase classname="runner.Runner_Meenu" name="runScenario" time="4.049"/>
  <testcase classname="runner.Runner_Meenu" name="runScenario" time="4.075"/>
  <testcase classname="runner.Runner_Meenu" name="runScenario" time="5.636"/>
  <testcase classname="runner.Runner_Meenu" name="runScenario" time="3.867"/>
  <testcase classname="runner.Runner_Meenu" name="runScenario" time="6.395"/>
  <testcase classname="runner.Runner_Meenu" name="runScenario" time="3.054"/>
  <testcase classname="runner.Runner_Meenu" name="runScenario" time="4.162"/>
  <testcase classname="runner.Runner_Meenu" name="runScenario" time="6.498"/>
  <testcase classname="runner.Runner_Meenu" name="runScenario" time="3.996"/>
</testsuite> <!-- runner.Runner_Meenu -->
